[06-Aug-2025 20:25:44 Europe/Berlin] Request path: /msc-website-backend-main/api/
[06-Aug-2025 20:25:44 Europe/Berlin] Path segments: Array
(
    [0] => msc-website-backend-main
    [1] => api
)

[06-Aug-2025 20:25:44 Europe/Berlin] Original REQUEST_URI: /msc-website-backend-main/api/
[06-Aug-2025 20:25:44 Europe/Berlin] Found API index, resource: 
[06-Aug-2025 20:25:44 Europe/Berlin] Request path: /msc-website-backend-main/api/
[06-Aug-2025 20:25:44 Europe/Berlin] Path segments: Array
(
    [0] => msc-website-backend-main
    [1] => api
)

[06-Aug-2025 20:25:44 Europe/Berlin] Original REQUEST_URI: /msc-website-backend-main/api/
[06-Aug-2025 20:25:44 Europe/Berlin] Found API index, resource: 
[06-Aug-2025 20:25:44 Europe/Berlin] Request path: /msc-website-backend-main/api/
[06-Aug-2025 20:25:44 Europe/Berlin] Path segments: Array
(
    [0] => msc-website-backend-main
    [1] => api
)

[06-Aug-2025 20:25:44 Europe/Berlin] Original REQUEST_URI: /msc-website-backend-main/api/
[06-Aug-2025 20:25:44 Europe/Berlin] Found API index, resource: 
[06-Aug-2025 20:25:52 Europe/Berlin] Request path: /msc-website-backend-main/api/auth/register
[06-Aug-2025 20:25:52 Europe/Berlin] Path segments: Array
(
    [0] => msc-website-backend-main
    [1] => api
    [2] => auth
    [3] => register
)

[06-Aug-2025 20:25:52 Europe/Berlin] Original REQUEST_URI: /msc-website-backend-main/api/auth/register
[06-Aug-2025 20:25:52 Europe/Berlin] Found API index, resource: auth
[06-Aug-2025 20:25:52 Europe/Berlin] Auth route - Path: /msc-website-backend-main/api/auth/register
[06-Aug-2025 20:25:52 Europe/Berlin] Auth route - Path segments: Array
(
    [0] => msc-website-backend-main
    [1] => api
    [2] => auth
    [3] => register
)

[06-Aug-2025 20:25:52 Europe/Berlin] Auth route - API Index: 1
[06-Aug-2025 20:25:52 Europe/Berlin] Auth route - Auth Index: 2
[06-Aug-2025 20:25:52 Europe/Berlin] Auth route - Endpoint: register
[06-Aug-2025 20:25:52 Europe/Berlin] PHP Warning:  Undefined array key "name_suffix" in C:\xampp\htdocs\msc-website-backend-main\api\models\Student.php on line 57
[06-Aug-2025 20:25:52 Europe/Berlin] PHP Warning:  Undefined array key "section" in C:\xampp\htdocs\msc-website-backend-main\api\models\Student.php on line 64
[06-Aug-2025 20:25:52 Europe/Berlin] PHP Warning:  Undefined array key "address" in C:\xampp\htdocs\msc-website-backend-main\api\models\Student.php on line 65
[06-Aug-2025 20:25:52 Europe/Berlin] PHP Warning:  Undefined array key "phone" in C:\xampp\htdocs\msc-website-backend-main\api\models\Student.php on line 66
[06-Aug-2025 20:25:52 Europe/Berlin] PHP Warning:  Undefined array key "facebook_link" in C:\xampp\htdocs\msc-website-backend-main\api\models\Student.php on line 67
[06-Aug-2025 20:26:00 Europe/Berlin] Request path: /msc-website-backend-main/api/announcements
[06-Aug-2025 20:26:00 Europe/Berlin] Path segments: Array
(
    [0] => msc-website-backend-main
    [1] => api
    [2] => announcements
)

[06-Aug-2025 20:26:00 Europe/Berlin] Original REQUEST_URI: /msc-website-backend-main/api/announcements
[06-Aug-2025 20:26:00 Europe/Berlin] Found API index, resource: announcements
[06-Aug-2025 20:26:00 Europe/Berlin] Announcement route - Path: /msc-website-backend-main/api/announcements
[06-Aug-2025 20:26:00 Europe/Berlin] Announcement route - Path segments: Array
(
    [0] => msc-website-backend-main
    [1] => api
    [2] => announcements
)

[06-Aug-2025 20:26:00 Europe/Berlin] Announcement route - Endpoint: 
[06-Aug-2025 20:26:00 Europe/Berlin] Announcement route - ID: null
[06-Aug-2025 20:26:00 Europe/Berlin] Announcement route - Action: null
[06-Aug-2025 20:26:35 Europe/Berlin] Request path: /msc-website-backend-main/api/events
[06-Aug-2025 20:26:35 Europe/Berlin] Path segments: Array
(
    [0] => msc-website-backend-main
    [1] => api
    [2] => events
)

[06-Aug-2025 20:26:35 Europe/Berlin] Original REQUEST_URI: /msc-website-backend-main/api/events
[06-Aug-2025 20:26:35 Europe/Berlin] Found API index, resource: events
[06-Aug-2025 20:26:35 Europe/Berlin] Event route - Path: /msc-website-backend-main/api/events
[06-Aug-2025 20:26:35 Europe/Berlin] Event route - Path segments: Array
(
    [0] => msc-website-backend-main
    [1] => api
    [2] => events
)

[06-Aug-2025 20:26:35 Europe/Berlin] Event route - Endpoint: 
[06-Aug-2025 20:26:35 Europe/Berlin] Event route - ID: null
[06-Aug-2025 20:26:35 Europe/Berlin] Event route - Action: null
[06-Aug-2025 20:26:37 Europe/Berlin] Request path: /msc-website-backend-main/api/
[06-Aug-2025 20:26:37 Europe/Berlin] Path segments: Array
(
    [0] => msc-website-backend-main
    [1] => api
)

[06-Aug-2025 20:26:37 Europe/Berlin] Original REQUEST_URI: /msc-website-backend-main/api/
[06-Aug-2025 20:26:37 Europe/Berlin] Found API index, resource: 
[06-Aug-2025 20:26:37 Europe/Berlin] Request path: /msc-website-backend-main/api/
[06-Aug-2025 20:26:37 Europe/Berlin] Path segments: Array
(
    [0] => msc-website-backend-main
    [1] => api
)

[06-Aug-2025 20:26:37 Europe/Berlin] Original REQUEST_URI: /msc-website-backend-main/api/
[06-Aug-2025 20:26:37 Europe/Berlin] Found API index, resource: 
[06-Aug-2025 20:26:37 Europe/Berlin] Request path: /msc-website-backend-main/api/
[06-Aug-2025 20:26:37 Europe/Berlin] Path segments: Array
(
    [0] => msc-website-backend-main
    [1] => api
)

[06-Aug-2025 20:26:37 Europe/Berlin] Original REQUEST_URI: /msc-website-backend-main/api/
[06-Aug-2025 20:26:37 Europe/Berlin] Found API index, resource: 
[06-Aug-2025 20:26:58 Europe/Berlin] Request path: /msc-website-backend-main/api/auth/login
[06-Aug-2025 20:26:58 Europe/Berlin] Path segments: Array
(
    [0] => msc-website-backend-main
    [1] => api
    [2] => auth
    [3] => login
)

[06-Aug-2025 20:26:58 Europe/Berlin] Original REQUEST_URI: /msc-website-backend-main/api/auth/login
[06-Aug-2025 20:26:58 Europe/Berlin] Found API index, resource: auth
[06-Aug-2025 20:26:58 Europe/Berlin] Auth route - Path: /msc-website-backend-main/api/auth/login
[06-Aug-2025 20:26:58 Europe/Berlin] Auth route - Path segments: Array
(
    [0] => msc-website-backend-main
    [1] => api
    [2] => auth
    [3] => login
)

[06-Aug-2025 20:26:58 Europe/Berlin] Auth route - API Index: 1
[06-Aug-2025 20:26:58 Europe/Berlin] Auth route - Auth Index: 2
[06-Aug-2025 20:26:58 Europe/Berlin] Auth route - Endpoint: login
[06-Aug-2025 20:27:04 Europe/Berlin] Request path: /msc-website-backend-main/api/auth/login
[06-Aug-2025 20:27:04 Europe/Berlin] Path segments: Array
(
    [0] => msc-website-backend-main
    [1] => api
    [2] => auth
    [3] => login
)

[06-Aug-2025 20:27:04 Europe/Berlin] Original REQUEST_URI: /msc-website-backend-main/api/auth/login
[06-Aug-2025 20:27:04 Europe/Berlin] Found API index, resource: auth
[06-Aug-2025 20:27:04 Europe/Berlin] Auth route - Path: /msc-website-backend-main/api/auth/login
[06-Aug-2025 20:27:04 Europe/Berlin] Auth route - Path segments: Array
(
    [0] => msc-website-backend-main
    [1] => api
    [2] => auth
    [3] => login
)

[06-Aug-2025 20:27:04 Europe/Berlin] Auth route - API Index: 1
[06-Aug-2025 20:27:04 Europe/Berlin] Auth route - Auth Index: 2
[06-Aug-2025 20:27:04 Europe/Berlin] Auth route - Endpoint: login
[06-Aug-2025 20:27:18 Europe/Berlin] Request path: /msc-website-backend-main/api/auth/login
[06-Aug-2025 20:27:18 Europe/Berlin] Path segments: Array
(
    [0] => msc-website-backend-main
    [1] => api
    [2] => auth
    [3] => login
)

[06-Aug-2025 20:27:18 Europe/Berlin] Original REQUEST_URI: /msc-website-backend-main/api/auth/login
[06-Aug-2025 20:27:18 Europe/Berlin] Found API index, resource: auth
[06-Aug-2025 20:27:18 Europe/Berlin] Auth route - Path: /msc-website-backend-main/api/auth/login
[06-Aug-2025 20:27:18 Europe/Berlin] Auth route - Path segments: Array
(
    [0] => msc-website-backend-main
    [1] => api
    [2] => auth
    [3] => login
)

[06-Aug-2025 20:27:18 Europe/Berlin] Auth route - API Index: 1
[06-Aug-2025 20:27:18 Europe/Berlin] Auth route - Auth Index: 2
[06-Aug-2025 20:27:18 Europe/Berlin] Auth route - Endpoint: login
[06-Aug-2025 20:27:34 Europe/Berlin] Request path: /msc-website-backend-main/api/announcements
[06-Aug-2025 20:27:34 Europe/Berlin] Path segments: Array
(
    [0] => msc-website-backend-main
    [1] => api
    [2] => announcements
)

[06-Aug-2025 20:27:34 Europe/Berlin] Original REQUEST_URI: /msc-website-backend-main/api/announcements
[06-Aug-2025 20:27:34 Europe/Berlin] Found API index, resource: announcements
[06-Aug-2025 20:27:34 Europe/Berlin] Announcement route - Path: /msc-website-backend-main/api/announcements
[06-Aug-2025 20:27:34 Europe/Berlin] Announcement route - Path segments: Array
(
    [0] => msc-website-backend-main
    [1] => api
    [2] => announcements
)

[06-Aug-2025 20:27:34 Europe/Berlin] Announcement route - Endpoint: 
[06-Aug-2025 20:27:34 Europe/Berlin] Announcement route - ID: null
[06-Aug-2025 20:27:34 Europe/Berlin] Announcement route - Action: null
[06-Aug-2025 20:27:34 Europe/Berlin] PHP Notice:  session_start(): Ignoring session_start() because a session is already active in C:\xampp\htdocs\msc-website-backend-main\api\middleware\AuthMiddleware.php on line 56
[06-Aug-2025 20:27:39 Europe/Berlin] Request path: /msc-website-backend-main/api/events
[06-Aug-2025 20:27:39 Europe/Berlin] Path segments: Array
(
    [0] => msc-website-backend-main
    [1] => api
    [2] => events
)

[06-Aug-2025 20:27:39 Europe/Berlin] Original REQUEST_URI: /msc-website-backend-main/api/events
[06-Aug-2025 20:27:39 Europe/Berlin] Found API index, resource: events
[06-Aug-2025 20:27:39 Europe/Berlin] Event route - Path: /msc-website-backend-main/api/events
[06-Aug-2025 20:27:39 Europe/Berlin] Event route - Path segments: Array
(
    [0] => msc-website-backend-main
    [1] => api
    [2] => events
)

[06-Aug-2025 20:27:39 Europe/Berlin] Event route - Endpoint: 
[06-Aug-2025 20:27:39 Europe/Berlin] Event route - ID: null
[06-Aug-2025 20:27:39 Europe/Berlin] Event route - Action: null
[06-Aug-2025 20:27:47 Europe/Berlin] Request path: /msc-website-backend-main/api/events/upcoming
[06-Aug-2025 20:27:47 Europe/Berlin] Path segments: Array
(
    [0] => msc-website-backend-main
    [1] => api
    [2] => events
    [3] => upcoming
)

[06-Aug-2025 20:27:47 Europe/Berlin] Original REQUEST_URI: /msc-website-backend-main/api/events/upcoming
[06-Aug-2025 20:27:47 Europe/Berlin] Found API index, resource: events
[06-Aug-2025 20:27:47 Europe/Berlin] Event route - Path: /msc-website-backend-main/api/events/upcoming
[06-Aug-2025 20:27:47 Europe/Berlin] Event route - Path segments: Array
(
    [0] => msc-website-backend-main
    [1] => api
    [2] => events
    [3] => upcoming
)

[06-Aug-2025 20:27:47 Europe/Berlin] Event route - Endpoint: upcoming
[06-Aug-2025 20:27:47 Europe/Berlin] Event route - ID: null
[06-Aug-2025 20:27:47 Europe/Berlin] Event route - Action: null
[06-Aug-2025 20:27:48 Europe/Berlin] Request path: /msc-website-backend-main/api/announcements/recent
[06-Aug-2025 20:27:48 Europe/Berlin] Path segments: Array
(
    [0] => msc-website-backend-main
    [1] => api
    [2] => announcements
    [3] => recent
)

[06-Aug-2025 20:27:48 Europe/Berlin] Original REQUEST_URI: /msc-website-backend-main/api/announcements/recent
[06-Aug-2025 20:27:48 Europe/Berlin] Found API index, resource: announcements
[06-Aug-2025 20:27:48 Europe/Berlin] Announcement route - Path: /msc-website-backend-main/api/announcements/recent
[06-Aug-2025 20:27:48 Europe/Berlin] Announcement route - Path segments: Array
(
    [0] => msc-website-backend-main
    [1] => api
    [2] => announcements
    [3] => recent
)

[06-Aug-2025 20:27:48 Europe/Berlin] Announcement route - Endpoint: recent
[06-Aug-2025 20:27:48 Europe/Berlin] Announcement route - ID: null
[06-Aug-2025 20:27:48 Europe/Berlin] Announcement route - Action: null
[06-Aug-2025 20:27:51 Europe/Berlin] Request path: /msc-website-backend-main/api/students/dashboard
[06-Aug-2025 20:27:51 Europe/Berlin] Path segments: Array
(
    [0] => msc-website-backend-main
    [1] => api
    [2] => students
    [3] => dashboard
)

[06-Aug-2025 20:27:51 Europe/Berlin] Original REQUEST_URI: /msc-website-backend-main/api/students/dashboard
[06-Aug-2025 20:27:51 Europe/Berlin] Found API index, resource: students
[06-Aug-2025 20:27:51 Europe/Berlin] Student route - Path: /msc-website-backend-main/api/students/dashboard
[06-Aug-2025 20:27:51 Europe/Berlin] Student route - Path segments: Array
(
    [0] => msc-website-backend-main
    [1] => api
    [2] => students
    [3] => dashboard
)

[06-Aug-2025 20:27:51 Europe/Berlin] Student route - Endpoint: dashboard
[06-Aug-2025 20:27:51 Europe/Berlin] Student route - ID: null
[06-Aug-2025 20:27:51 Europe/Berlin] PHP Notice:  session_start(): Ignoring session_start() because a session is already active in C:\xampp\htdocs\msc-website-backend-main\api\middleware\AuthMiddleware.php on line 56
[06-Aug-2025 20:31:42 Europe/Berlin] Request path: /msc-website-backend-main/api/
[06-Aug-2025 20:31:42 Europe/Berlin] Path segments: Array
(
    [0] => msc-website-backend-main
    [1] => api
)

[06-Aug-2025 20:31:42 Europe/Berlin] Original REQUEST_URI: /msc-website-backend-main/api/
[06-Aug-2025 20:31:42 Europe/Berlin] Found API index, resource: 
[06-Aug-2025 20:31:43 Europe/Berlin] Request path: /msc-website-backend-main/api/
[06-Aug-2025 20:31:43 Europe/Berlin] Path segments: Array
(
    [0] => msc-website-backend-main
    [1] => api
)

[06-Aug-2025 20:31:43 Europe/Berlin] Original REQUEST_URI: /msc-website-backend-main/api/
[06-Aug-2025 20:31:43 Europe/Berlin] Found API index, resource: 
[06-Aug-2025 20:31:43 Europe/Berlin] Request path: /msc-website-backend-main/api/
[06-Aug-2025 20:31:43 Europe/Berlin] Path segments: Array
(
    [0] => msc-website-backend-main
    [1] => api
)

[06-Aug-2025 20:31:43 Europe/Berlin] Original REQUEST_URI: /msc-website-backend-main/api/
[06-Aug-2025 20:31:43 Europe/Berlin] Found API index, resource: 
[06-Aug-2025 20:31:56 Europe/Berlin] Request path: /msc-website-backend-main/api/
[06-Aug-2025 20:31:56 Europe/Berlin] Path segments: Array
(
    [0] => msc-website-backend-main
    [1] => api
)

[06-Aug-2025 20:31:56 Europe/Berlin] Original REQUEST_URI: /msc-website-backend-main/api/
[06-Aug-2025 20:31:56 Europe/Berlin] Found API index, resource: 
[06-Aug-2025 20:31:56 Europe/Berlin] Request path: /msc-website-backend-main/api/
[06-Aug-2025 20:31:56 Europe/Berlin] Path segments: Array
(
    [0] => msc-website-backend-main
    [1] => api
)

[06-Aug-2025 20:31:56 Europe/Berlin] Original REQUEST_URI: /msc-website-backend-main/api/
[06-Aug-2025 20:31:56 Europe/Berlin] Found API index, resource: 
[06-Aug-2025 20:31:57 Europe/Berlin] Request path: /msc-website-backend-main/api/
[06-Aug-2025 20:31:57 Europe/Berlin] Path segments: Array
(
    [0] => msc-website-backend-main
    [1] => api
)

[06-Aug-2025 20:31:57 Europe/Berlin] Original REQUEST_URI: /msc-website-backend-main/api/
[06-Aug-2025 20:31:57 Europe/Berlin] Found API index, resource: 
[06-Aug-2025 20:31:58 Europe/Berlin] Request path: /msc-website-backend-main/api/health
[06-Aug-2025 20:31:58 Europe/Berlin] Path segments: Array
(
    [0] => msc-website-backend-main
    [1] => api
    [2] => health
)

[06-Aug-2025 20:31:58 Europe/Berlin] Original REQUEST_URI: /msc-website-backend-main/api/health
[06-Aug-2025 20:31:58 Europe/Berlin] Found API index, resource: health
[06-Aug-2025 20:31:59 Europe/Berlin] Request path: /msc-website-backend-main/api/auth
[06-Aug-2025 20:31:59 Europe/Berlin] Path segments: Array
(
    [0] => msc-website-backend-main
    [1] => api
    [2] => auth
)

[06-Aug-2025 20:31:59 Europe/Berlin] Original REQUEST_URI: /msc-website-backend-main/api/auth
[06-Aug-2025 20:31:59 Europe/Berlin] Found API index, resource: auth
[06-Aug-2025 20:32:00 Europe/Berlin] Auth route - Path: /msc-website-backend-main/api/auth
[06-Aug-2025 20:32:00 Europe/Berlin] Auth route - Path segments: Array
(
    [0] => msc-website-backend-main
    [1] => api
    [2] => auth
)

[06-Aug-2025 20:32:00 Europe/Berlin] Auth route - API Index: 1
[06-Aug-2025 20:32:00 Europe/Berlin] Auth route - Auth Index: 2
[06-Aug-2025 20:32:00 Europe/Berlin] Auth route - Endpoint: 
[06-Aug-2025 20:32:01 Europe/Berlin] Request path: /msc-website-backend-main/api/events
[06-Aug-2025 20:32:01 Europe/Berlin] Path segments: Array
(
    [0] => msc-website-backend-main
    [1] => api
    [2] => events
)

[06-Aug-2025 20:32:01 Europe/Berlin] Original REQUEST_URI: /msc-website-backend-main/api/events?page=1&limit=10
[06-Aug-2025 20:32:01 Europe/Berlin] Found API index, resource: events
[06-Aug-2025 20:32:01 Europe/Berlin] Event route - Path: /msc-website-backend-main/api/events
[06-Aug-2025 20:32:01 Europe/Berlin] Event route - Path segments: Array
(
    [0] => msc-website-backend-main
    [1] => api
    [2] => events
)

[06-Aug-2025 20:32:01 Europe/Berlin] Event route - Endpoint: 
[06-Aug-2025 20:32:01 Europe/Berlin] Event route - ID: null
[06-Aug-2025 20:32:01 Europe/Berlin] Event route - Action: null
[06-Aug-2025 20:32:02 Europe/Berlin] Request path: /msc-website-backend-main/api/announcements
[06-Aug-2025 20:32:02 Europe/Berlin] Path segments: Array
(
    [0] => msc-website-backend-main
    [1] => api
    [2] => announcements
)

[06-Aug-2025 20:32:02 Europe/Berlin] Original REQUEST_URI: /msc-website-backend-main/api/announcements?page=1&limit=10&include_archived=false
[06-Aug-2025 20:32:02 Europe/Berlin] Found API index, resource: announcements
[06-Aug-2025 20:32:02 Europe/Berlin] Announcement route - Path: /msc-website-backend-main/api/announcements
[06-Aug-2025 20:32:02 Europe/Berlin] Announcement route - Path segments: Array
(
    [0] => msc-website-backend-main
    [1] => api
    [2] => announcements
)

[06-Aug-2025 20:32:02 Europe/Berlin] Announcement route - Endpoint: 
[06-Aug-2025 20:32:02 Europe/Berlin] Announcement route - ID: null
[06-Aug-2025 20:32:02 Europe/Berlin] Announcement route - Action: null
[06-Aug-2025 20:32:16 Europe/Berlin] Request path: /msc-website-backend-main/api/auth/register
[06-Aug-2025 20:32:16 Europe/Berlin] Path segments: Array
(
    [0] => msc-website-backend-main
    [1] => api
    [2] => auth
    [3] => register
)

[06-Aug-2025 20:32:16 Europe/Berlin] Original REQUEST_URI: /msc-website-backend-main/api/auth/register
[06-Aug-2025 20:32:16 Europe/Berlin] Found API index, resource: auth
[06-Aug-2025 20:32:16 Europe/Berlin] Auth route - Path: /msc-website-backend-main/api/auth/register
[06-Aug-2025 20:32:16 Europe/Berlin] Auth route - Path segments: Array
(
    [0] => msc-website-backend-main
    [1] => api
    [2] => auth
    [3] => register
)

[06-Aug-2025 20:32:16 Europe/Berlin] Auth route - API Index: 1
[06-Aug-2025 20:32:16 Europe/Berlin] Auth route - Auth Index: 2
[06-Aug-2025 20:32:16 Europe/Berlin] Auth route - Endpoint: register
[06-Aug-2025 20:32:16 Europe/Berlin] PHP Warning:  Undefined array key "name_suffix" in C:\xampp\htdocs\msc-website-backend-main\api\models\Student.php on line 57
[06-Aug-2025 20:32:16 Europe/Berlin] PHP Warning:  Undefined array key "section" in C:\xampp\htdocs\msc-website-backend-main\api\models\Student.php on line 64
[06-Aug-2025 20:32:16 Europe/Berlin] PHP Warning:  Undefined array key "address" in C:\xampp\htdocs\msc-website-backend-main\api\models\Student.php on line 65
[06-Aug-2025 20:32:16 Europe/Berlin] PHP Warning:  Undefined array key "phone" in C:\xampp\htdocs\msc-website-backend-main\api\models\Student.php on line 66
[06-Aug-2025 20:32:16 Europe/Berlin] PHP Warning:  Undefined array key "facebook_link" in C:\xampp\htdocs\msc-website-backend-main\api\models\Student.php on line 67
[06-Aug-2025 20:32:49 Europe/Berlin] Request path: /msc-website-backend-main/api/auth/login
[06-Aug-2025 20:32:49 Europe/Berlin] Path segments: Array
(
    [0] => msc-website-backend-main
    [1] => api
    [2] => auth
    [3] => login
)

[06-Aug-2025 20:32:49 Europe/Berlin] Original REQUEST_URI: /msc-website-backend-main/api/auth/login
[06-Aug-2025 20:32:49 Europe/Berlin] Found API index, resource: auth
[06-Aug-2025 20:32:49 Europe/Berlin] Auth route - Path: /msc-website-backend-main/api/auth/login
[06-Aug-2025 20:32:49 Europe/Berlin] Auth route - Path segments: Array
(
    [0] => msc-website-backend-main
    [1] => api
    [2] => auth
    [3] => login
)

[06-Aug-2025 20:32:49 Europe/Berlin] Auth route - API Index: 1
[06-Aug-2025 20:32:49 Europe/Berlin] Auth route - Auth Index: 2
[06-Aug-2025 20:32:49 Europe/Berlin] Auth route - Endpoint: login
[06-Aug-2025 20:32:56 Europe/Berlin] Request path: /msc-website-backend-main/api/auth/profile
[06-Aug-2025 20:32:56 Europe/Berlin] Path segments: Array
(
    [0] => msc-website-backend-main
    [1] => api
    [2] => auth
    [3] => profile
)

[06-Aug-2025 20:32:56 Europe/Berlin] Original REQUEST_URI: /msc-website-backend-main/api/auth/profile
[06-Aug-2025 20:32:56 Europe/Berlin] Found API index, resource: auth
[06-Aug-2025 20:32:56 Europe/Berlin] Auth route - Path: /msc-website-backend-main/api/auth/profile
[06-Aug-2025 20:32:56 Europe/Berlin] Auth route - Path segments: Array
(
    [0] => msc-website-backend-main
    [1] => api
    [2] => auth
    [3] => profile
)

[06-Aug-2025 20:32:56 Europe/Berlin] Auth route - API Index: 1
[06-Aug-2025 20:32:56 Europe/Berlin] Auth route - Auth Index: 2
[06-Aug-2025 20:32:56 Europe/Berlin] Auth route - Endpoint: profile
[06-Aug-2025 20:33:40 Europe/Berlin] Request path: /msc-website-backend-main/api/students
[06-Aug-2025 20:33:40 Europe/Berlin] Path segments: Array
(
    [0] => msc-website-backend-main
    [1] => api
    [2] => students
)

[06-Aug-2025 20:33:40 Europe/Berlin] Original REQUEST_URI: /msc-website-backend-main/api/students?page=1&limit=20
[06-Aug-2025 20:33:40 Europe/Berlin] Found API index, resource: students
[06-Aug-2025 20:33:40 Europe/Berlin] Student route - Path: /msc-website-backend-main/api/students
[06-Aug-2025 20:33:40 Europe/Berlin] Student route - Path segments: Array
(
    [0] => msc-website-backend-main
    [1] => api
    [2] => students
)

[06-Aug-2025 20:33:40 Europe/Berlin] Student route - Endpoint: 
[06-Aug-2025 20:33:40 Europe/Berlin] Student route - ID: null
[06-Aug-2025 20:33:53 Europe/Berlin] Request path: /msc-website-backend-main/api/events
[06-Aug-2025 20:33:53 Europe/Berlin] Path segments: Array
(
    [0] => msc-website-backend-main
    [1] => api
    [2] => events
)

[06-Aug-2025 20:33:53 Europe/Berlin] Original REQUEST_URI: /msc-website-backend-main/api/events?page=1&limit=10
[06-Aug-2025 20:33:53 Europe/Berlin] Found API index, resource: events
[06-Aug-2025 20:33:53 Europe/Berlin] Event route - Path: /msc-website-backend-main/api/events
[06-Aug-2025 20:33:53 Europe/Berlin] Event route - Path segments: Array
(
    [0] => msc-website-backend-main
    [1] => api
    [2] => events
)

[06-Aug-2025 20:33:53 Europe/Berlin] Event route - Endpoint: 
[06-Aug-2025 20:33:53 Europe/Berlin] Event route - ID: null
[06-Aug-2025 20:33:53 Europe/Berlin] Event route - Action: null
[06-Aug-2025 20:33:59 Europe/Berlin] Request path: /msc-website-backend-main/api/events
[06-Aug-2025 20:33:59 Europe/Berlin] Path segments: Array
(
    [0] => msc-website-backend-main
    [1] => api
    [2] => events
)

[06-Aug-2025 20:33:59 Europe/Berlin] Original REQUEST_URI: /msc-website-backend-main/api/events
[06-Aug-2025 20:33:59 Europe/Berlin] Found API index, resource: events
[06-Aug-2025 20:33:59 Europe/Berlin] Event route - Path: /msc-website-backend-main/api/events
[06-Aug-2025 20:33:59 Europe/Berlin] Event route - Path segments: Array
(
    [0] => msc-website-backend-main
    [1] => api
    [2] => events
)

[06-Aug-2025 20:33:59 Europe/Berlin] Event route - Endpoint: 
[06-Aug-2025 20:33:59 Europe/Berlin] Event route - ID: null
[06-Aug-2025 20:33:59 Europe/Berlin] Event route - Action: null
[06-Aug-2025 20:34:04 Europe/Berlin] Request path: /msc-website-backend-main/api/announcements
[06-Aug-2025 20:34:04 Europe/Berlin] Path segments: Array
(
    [0] => msc-website-backend-main
    [1] => api
    [2] => announcements
)

[06-Aug-2025 20:34:04 Europe/Berlin] Original REQUEST_URI: /msc-website-backend-main/api/announcements
[06-Aug-2025 20:34:04 Europe/Berlin] Found API index, resource: announcements
[06-Aug-2025 20:34:04 Europe/Berlin] Announcement route - Path: /msc-website-backend-main/api/announcements
[06-Aug-2025 20:34:04 Europe/Berlin] Announcement route - Path segments: Array
(
    [0] => msc-website-backend-main
    [1] => api
    [2] => announcements
)

[06-Aug-2025 20:34:04 Europe/Berlin] Announcement route - Endpoint: 
[06-Aug-2025 20:34:04 Europe/Berlin] Announcement route - ID: null
[06-Aug-2025 20:34:04 Europe/Berlin] Announcement route - Action: null
[06-Aug-2025 20:34:12 Europe/Berlin] Request path: /msc-website-backend-main/api/students/dashboard
[06-Aug-2025 20:34:12 Europe/Berlin] Path segments: Array
(
    [0] => msc-website-backend-main
    [1] => api
    [2] => students
    [3] => dashboard
)

[06-Aug-2025 20:34:12 Europe/Berlin] Original REQUEST_URI: /msc-website-backend-main/api/students/dashboard
[06-Aug-2025 20:34:12 Europe/Berlin] Found API index, resource: students
[06-Aug-2025 20:34:12 Europe/Berlin] Student route - Path: /msc-website-backend-main/api/students/dashboard
[06-Aug-2025 20:34:12 Europe/Berlin] Student route - Path segments: Array
(
    [0] => msc-website-backend-main
    [1] => api
    [2] => students
    [3] => dashboard
)

[06-Aug-2025 20:34:12 Europe/Berlin] Student route - Endpoint: dashboard
[06-Aug-2025 20:34:12 Europe/Berlin] Student route - ID: null
[06-Aug-2025 20:34:12 Europe/Berlin] PHP Notice:  session_start(): Ignoring session_start() because a session is already active in C:\xampp\htdocs\msc-website-backend-main\api\middleware\AuthMiddleware.php on line 56
[06-Aug-2025 20:34:19 Europe/Berlin] Request path: /msc-website-backend-main/api/announcements/recent
[06-Aug-2025 20:34:19 Europe/Berlin] Path segments: Array
(
    [0] => msc-website-backend-main
    [1] => api
    [2] => announcements
    [3] => recent
)

[06-Aug-2025 20:34:19 Europe/Berlin] Original REQUEST_URI: /msc-website-backend-main/api/announcements/recent
[06-Aug-2025 20:34:19 Europe/Berlin] Found API index, resource: announcements
[06-Aug-2025 20:34:19 Europe/Berlin] Announcement route - Path: /msc-website-backend-main/api/announcements/recent
[06-Aug-2025 20:34:19 Europe/Berlin] Announcement route - Path segments: Array
(
    [0] => msc-website-backend-main
    [1] => api
    [2] => announcements
    [3] => recent
)

[06-Aug-2025 20:34:19 Europe/Berlin] Announcement route - Endpoint: recent
[06-Aug-2025 20:34:19 Europe/Berlin] Announcement route - ID: null
[06-Aug-2025 20:34:19 Europe/Berlin] Announcement route - Action: null
[06-Aug-2025 20:34:20 Europe/Berlin] Request path: /msc-website-backend-main/api/events/upcoming
[06-Aug-2025 20:34:20 Europe/Berlin] Path segments: Array
(
    [0] => msc-website-backend-main
    [1] => api
    [2] => events
    [3] => upcoming
)

[06-Aug-2025 20:34:20 Europe/Berlin] Original REQUEST_URI: /msc-website-backend-main/api/events/upcoming
[06-Aug-2025 20:34:20 Europe/Berlin] Found API index, resource: events
[06-Aug-2025 20:34:20 Europe/Berlin] Event route - Path: /msc-website-backend-main/api/events/upcoming
[06-Aug-2025 20:34:20 Europe/Berlin] Event route - Path segments: Array
(
    [0] => msc-website-backend-main
    [1] => api
    [2] => events
    [3] => upcoming
)

[06-Aug-2025 20:34:20 Europe/Berlin] Event route - Endpoint: upcoming
[06-Aug-2025 20:34:20 Europe/Berlin] Event route - ID: null
[06-Aug-2025 20:34:20 Europe/Berlin] Event route - Action: null
[06-Aug-2025 20:34:26 Europe/Berlin] Request path: /msc-website-backend-main/api/auth/logout
[06-Aug-2025 20:34:26 Europe/Berlin] Path segments: Array
(
    [0] => msc-website-backend-main
    [1] => api
    [2] => auth
    [3] => logout
)

[06-Aug-2025 20:34:26 Europe/Berlin] Original REQUEST_URI: /msc-website-backend-main/api/auth/logout
[06-Aug-2025 20:34:26 Europe/Berlin] Found API index, resource: auth
[06-Aug-2025 20:34:26 Europe/Berlin] Auth route - Path: /msc-website-backend-main/api/auth/logout
[06-Aug-2025 20:34:26 Europe/Berlin] Auth route - Path segments: Array
(
    [0] => msc-website-backend-main
    [1] => api
    [2] => auth
    [3] => logout
)

[06-Aug-2025 20:34:26 Europe/Berlin] Auth route - API Index: 1
[06-Aug-2025 20:34:26 Europe/Berlin] Auth route - Auth Index: 2
[06-Aug-2025 20:34:26 Europe/Berlin] Auth route - Endpoint: logout
[06-Aug-2025 20:34:38 Europe/Berlin] Request path: /msc-website-backend-main/api/auth/register
[06-Aug-2025 20:34:38 Europe/Berlin] Path segments: Array
(
    [0] => msc-website-backend-main
    [1] => api
    [2] => auth
    [3] => register
)

[06-Aug-2025 20:34:38 Europe/Berlin] Original REQUEST_URI: /msc-website-backend-main/api/auth/register
[06-Aug-2025 20:34:38 Europe/Berlin] Found API index, resource: auth
[06-Aug-2025 20:34:38 Europe/Berlin] Auth route - Path: /msc-website-backend-main/api/auth/register
[06-Aug-2025 20:34:38 Europe/Berlin] Auth route - Path segments: Array
(
    [0] => msc-website-backend-main
    [1] => api
    [2] => auth
    [3] => register
)

[06-Aug-2025 20:34:38 Europe/Berlin] Auth route - API Index: 1
[06-Aug-2025 20:34:38 Europe/Berlin] Auth route - Auth Index: 2
[06-Aug-2025 20:34:38 Europe/Berlin] Auth route - Endpoint: register
[06-Aug-2025 20:34:38 Europe/Berlin] PHP Warning:  Undefined array key "name_suffix" in C:\xampp\htdocs\msc-website-backend-main\api\models\Student.php on line 57
[06-Aug-2025 20:34:38 Europe/Berlin] PHP Warning:  Undefined array key "section" in C:\xampp\htdocs\msc-website-backend-main\api\models\Student.php on line 64
[06-Aug-2025 20:34:38 Europe/Berlin] PHP Warning:  Undefined array key "address" in C:\xampp\htdocs\msc-website-backend-main\api\models\Student.php on line 65
[06-Aug-2025 20:34:38 Europe/Berlin] PHP Warning:  Undefined array key "phone" in C:\xampp\htdocs\msc-website-backend-main\api\models\Student.php on line 66
[06-Aug-2025 20:34:38 Europe/Berlin] PHP Warning:  Undefined array key "facebook_link" in C:\xampp\htdocs\msc-website-backend-main\api\models\Student.php on line 67
[06-Aug-2025 20:34:48 Europe/Berlin] Request path: /msc-website-backend-main/api/auth/login
[06-Aug-2025 20:34:48 Europe/Berlin] Path segments: Array
(
    [0] => msc-website-backend-main
    [1] => api
    [2] => auth
    [3] => login
)

[06-Aug-2025 20:34:48 Europe/Berlin] Original REQUEST_URI: /msc-website-backend-main/api/auth/login
[06-Aug-2025 20:34:48 Europe/Berlin] Found API index, resource: auth
[06-Aug-2025 20:34:48 Europe/Berlin] Auth route - Path: /msc-website-backend-main/api/auth/login
[06-Aug-2025 20:34:48 Europe/Berlin] Auth route - Path segments: Array
(
    [0] => msc-website-backend-main
    [1] => api
    [2] => auth
    [3] => login
)

[06-Aug-2025 20:34:48 Europe/Berlin] Auth route - API Index: 1
[06-Aug-2025 20:34:48 Europe/Berlin] Auth route - Auth Index: 2
[06-Aug-2025 20:34:48 Europe/Berlin] Auth route - Endpoint: login
[06-Aug-2025 20:34:54 Europe/Berlin] Request path: /msc-website-backend-main/api/students
[06-Aug-2025 20:34:54 Europe/Berlin] Path segments: Array
(
    [0] => msc-website-backend-main
    [1] => api
    [2] => students
)

[06-Aug-2025 20:34:54 Europe/Berlin] Original REQUEST_URI: /msc-website-backend-main/api/students?page=1&limit=20
[06-Aug-2025 20:34:54 Europe/Berlin] Found API index, resource: students
[06-Aug-2025 20:34:54 Europe/Berlin] Student route - Path: /msc-website-backend-main/api/students
[06-Aug-2025 20:34:54 Europe/Berlin] Student route - Path segments: Array
(
    [0] => msc-website-backend-main
    [1] => api
    [2] => students
)

[06-Aug-2025 20:34:54 Europe/Berlin] Student route - Endpoint: 
[06-Aug-2025 20:34:54 Europe/Berlin] Student route - ID: null
[06-Aug-2025 20:35:20 Europe/Berlin] Request path: /msc-website-backend-main/api/students/dashboard
[06-Aug-2025 20:35:20 Europe/Berlin] Path segments: Array
(
    [0] => msc-website-backend-main
    [1] => api
    [2] => students
    [3] => dashboard
)

[06-Aug-2025 20:35:20 Europe/Berlin] Original REQUEST_URI: /msc-website-backend-main/api/students/dashboard
[06-Aug-2025 20:35:20 Europe/Berlin] Found API index, resource: students
[06-Aug-2025 20:35:20 Europe/Berlin] Student route - Path: /msc-website-backend-main/api/students/dashboard
[06-Aug-2025 20:35:20 Europe/Berlin] Student route - Path segments: Array
(
    [0] => msc-website-backend-main
    [1] => api
    [2] => students
    [3] => dashboard
)

[06-Aug-2025 20:35:20 Europe/Berlin] Student route - Endpoint: dashboard
[06-Aug-2025 20:35:20 Europe/Berlin] Student route - ID: null
[06-Aug-2025 20:35:20 Europe/Berlin] PHP Notice:  session_start(): Ignoring session_start() because a session is already active in C:\xampp\htdocs\msc-website-backend-main\api\middleware\AuthMiddleware.php on line 56
[06-Aug-2025 20:35:33 Europe/Berlin] Request path: /msc-website-backend-main/api/students/search
[06-Aug-2025 20:35:33 Europe/Berlin] Path segments: Array
(
    [0] => msc-website-backend-main
    [1] => api
    [2] => students
    [3] => search
)

[06-Aug-2025 20:35:33 Europe/Berlin] Original REQUEST_URI: /msc-website-backend-main/api/students/search?q=john
[06-Aug-2025 20:35:33 Europe/Berlin] Found API index, resource: students
[06-Aug-2025 20:35:33 Europe/Berlin] Student route - Path: /msc-website-backend-main/api/students/search
[06-Aug-2025 20:35:33 Europe/Berlin] Student route - Path segments: Array
(
    [0] => msc-website-backend-main
    [1] => api
    [2] => students
    [3] => search
)

[06-Aug-2025 20:35:33 Europe/Berlin] Student route - Endpoint: search
[06-Aug-2025 20:35:33 Europe/Berlin] Student route - ID: null
[06-Aug-2025 20:35:42 Europe/Berlin] Request path: /msc-website-backend-main/api/events
[06-Aug-2025 20:35:42 Europe/Berlin] Path segments: Array
(
    [0] => msc-website-backend-main
    [1] => api
    [2] => events
)

[06-Aug-2025 20:35:42 Europe/Berlin] Original REQUEST_URI: /msc-website-backend-main/api/events
[06-Aug-2025 20:35:42 Europe/Berlin] Found API index, resource: events
[06-Aug-2025 20:35:42 Europe/Berlin] Event route - Path: /msc-website-backend-main/api/events
[06-Aug-2025 20:35:42 Europe/Berlin] Event route - Path segments: Array
(
    [0] => msc-website-backend-main
    [1] => api
    [2] => events
)

[06-Aug-2025 20:35:42 Europe/Berlin] Event route - Endpoint: 
[06-Aug-2025 20:35:42 Europe/Berlin] Event route - ID: null
[06-Aug-2025 20:35:42 Europe/Berlin] Event route - Action: null
[06-Aug-2025 20:35:50 Europe/Berlin] Request path: /msc-website-backend-main/api/events
[06-Aug-2025 20:35:50 Europe/Berlin] Path segments: Array
(
    [0] => msc-website-backend-main
    [1] => api
    [2] => events
)

[06-Aug-2025 20:35:50 Europe/Berlin] Original REQUEST_URI: /msc-website-backend-main/api/events?page=1&limit=10
[06-Aug-2025 20:35:50 Europe/Berlin] Found API index, resource: events
[06-Aug-2025 20:35:50 Europe/Berlin] Event route - Path: /msc-website-backend-main/api/events
[06-Aug-2025 20:35:50 Europe/Berlin] Event route - Path segments: Array
(
    [0] => msc-website-backend-main
    [1] => api
    [2] => events
)

[06-Aug-2025 20:35:50 Europe/Berlin] Event route - Endpoint: 
[06-Aug-2025 20:35:50 Europe/Berlin] Event route - ID: null
[06-Aug-2025 20:35:50 Europe/Berlin] Event route - Action: null
[06-Aug-2025 20:35:58 Europe/Berlin] Request path: /msc-website-backend-main/api/announcements
[06-Aug-2025 20:35:58 Europe/Berlin] Path segments: Array
(
    [0] => msc-website-backend-main
    [1] => api
    [2] => announcements
)

[06-Aug-2025 20:35:58 Europe/Berlin] Original REQUEST_URI: /msc-website-backend-main/api/announcements
[06-Aug-2025 20:35:58 Europe/Berlin] Found API index, resource: announcements
[06-Aug-2025 20:35:58 Europe/Berlin] Announcement route - Path: /msc-website-backend-main/api/announcements
[06-Aug-2025 20:35:58 Europe/Berlin] Announcement route - Path segments: Array
(
    [0] => msc-website-backend-main
    [1] => api
    [2] => announcements
)

[06-Aug-2025 20:35:58 Europe/Berlin] Announcement route - Endpoint: 
[06-Aug-2025 20:35:58 Europe/Berlin] Announcement route - ID: null
[06-Aug-2025 20:35:58 Europe/Berlin] Announcement route - Action: null
[06-Aug-2025 20:35:58 Europe/Berlin] PHP Notice:  session_start(): Ignoring session_start() because a session is already active in C:\xampp\htdocs\msc-website-backend-main\api\middleware\AuthMiddleware.php on line 56
[06-Aug-2025 20:36:05 Europe/Berlin] Request path: /msc-website-backend-main/api/announcements/recent
[06-Aug-2025 20:36:05 Europe/Berlin] Path segments: Array
(
    [0] => msc-website-backend-main
    [1] => api
    [2] => announcements
    [3] => recent
)

[06-Aug-2025 20:36:05 Europe/Berlin] Original REQUEST_URI: /msc-website-backend-main/api/announcements/recent
[06-Aug-2025 20:36:05 Europe/Berlin] Found API index, resource: announcements
[06-Aug-2025 20:36:05 Europe/Berlin] Announcement route - Path: /msc-website-backend-main/api/announcements/recent
[06-Aug-2025 20:36:05 Europe/Berlin] Announcement route - Path segments: Array
(
    [0] => msc-website-backend-main
    [1] => api
    [2] => announcements
    [3] => recent
)

[06-Aug-2025 20:36:05 Europe/Berlin] Announcement route - Endpoint: recent
[06-Aug-2025 20:36:05 Europe/Berlin] Announcement route - ID: null
[06-Aug-2025 20:36:05 Europe/Berlin] Announcement route - Action: null
[06-Aug-2025 20:36:08 Europe/Berlin] Request path: /msc-website-backend-main/api/events/upcoming
[06-Aug-2025 20:36:08 Europe/Berlin] Path segments: Array
(
    [0] => msc-website-backend-main
    [1] => api
    [2] => events
    [3] => upcoming
)

[06-Aug-2025 20:36:08 Europe/Berlin] Original REQUEST_URI: /msc-website-backend-main/api/events/upcoming
[06-Aug-2025 20:36:08 Europe/Berlin] Found API index, resource: events
[06-Aug-2025 20:36:08 Europe/Berlin] Event route - Path: /msc-website-backend-main/api/events/upcoming
[06-Aug-2025 20:36:08 Europe/Berlin] Event route - Path segments: Array
(
    [0] => msc-website-backend-main
    [1] => api
    [2] => events
    [3] => upcoming
)

[06-Aug-2025 20:36:08 Europe/Berlin] Event route - Endpoint: upcoming
[06-Aug-2025 20:36:08 Europe/Berlin] Event route - ID: null
[06-Aug-2025 20:36:08 Europe/Berlin] Event route - Action: null
[06-Aug-2025 20:49:50 Europe/Berlin] Request path: /msc-website-backend-main/api/
[06-Aug-2025 20:49:50 Europe/Berlin] Path segments: Array
(
    [0] => msc-website-backend-main
    [1] => api
)

[06-Aug-2025 20:49:50 Europe/Berlin] Original REQUEST_URI: /msc-website-backend-main/api/
[06-Aug-2025 20:49:50 Europe/Berlin] Found API index, resource: 
[06-Aug-2025 20:49:50 Europe/Berlin] Request path: /msc-website-backend-main/api/
[06-Aug-2025 20:49:50 Europe/Berlin] Path segments: Array
(
    [0] => msc-website-backend-main
    [1] => api
)

[06-Aug-2025 20:49:50 Europe/Berlin] Original REQUEST_URI: /msc-website-backend-main/api/
[06-Aug-2025 20:49:50 Europe/Berlin] Found API index, resource: 
[06-Aug-2025 20:49:51 Europe/Berlin] Request path: /msc-website-backend-main/api/
[06-Aug-2025 20:49:51 Europe/Berlin] Path segments: Array
(
    [0] => msc-website-backend-main
    [1] => api
)

[06-Aug-2025 20:49:51 Europe/Berlin] Original REQUEST_URI: /msc-website-backend-main/api/
[06-Aug-2025 20:49:51 Europe/Berlin] Found API index, resource: 
[06-Aug-2025 20:50:13 Europe/Berlin] Request path: /msc-website-backend-main/api/
[06-Aug-2025 20:50:13 Europe/Berlin] Path segments: Array
(
    [0] => msc-website-backend-main
    [1] => api
)

[06-Aug-2025 20:50:13 Europe/Berlin] Original REQUEST_URI: /msc-website-backend-main/api/
[06-Aug-2025 20:50:13 Europe/Berlin] Found API index, resource: 
[06-Aug-2025 20:50:13 Europe/Berlin] Request path: /msc-website-backend-main/api/
[06-Aug-2025 20:50:13 Europe/Berlin] Path segments: Array
(
    [0] => msc-website-backend-main
    [1] => api
)

[06-Aug-2025 20:50:13 Europe/Berlin] Original REQUEST_URI: /msc-website-backend-main/api/
[06-Aug-2025 20:50:13 Europe/Berlin] Found API index, resource: 
[06-Aug-2025 20:50:14 Europe/Berlin] Request path: /msc-website-backend-main/api/
[06-Aug-2025 20:50:14 Europe/Berlin] Path segments: Array
(
    [0] => msc-website-backend-main
    [1] => api
)

[06-Aug-2025 20:50:14 Europe/Berlin] Original REQUEST_URI: /msc-website-backend-main/api/
[06-Aug-2025 20:50:14 Europe/Berlin] Found API index, resource: 
[06-Aug-2025 20:50:15 Europe/Berlin] Request path: /msc-website-backend-main/api/health
[06-Aug-2025 20:50:15 Europe/Berlin] Path segments: Array
(
    [0] => msc-website-backend-main
    [1] => api
    [2] => health
)

[06-Aug-2025 20:50:15 Europe/Berlin] Original REQUEST_URI: /msc-website-backend-main/api/health
[06-Aug-2025 20:50:15 Europe/Berlin] Found API index, resource: health
[06-Aug-2025 20:50:16 Europe/Berlin] Request path: /msc-website-backend-main/api/auth
[06-Aug-2025 20:50:16 Europe/Berlin] Path segments: Array
(
    [0] => msc-website-backend-main
    [1] => api
    [2] => auth
)

[06-Aug-2025 20:50:16 Europe/Berlin] Original REQUEST_URI: /msc-website-backend-main/api/auth
[06-Aug-2025 20:50:16 Europe/Berlin] Found API index, resource: auth
[06-Aug-2025 20:50:16 Europe/Berlin] Auth route - Path: /msc-website-backend-main/api/auth
[06-Aug-2025 20:50:16 Europe/Berlin] Auth route - Path segments: Array
(
    [0] => msc-website-backend-main
    [1] => api
    [2] => auth
)

[06-Aug-2025 20:50:16 Europe/Berlin] Auth route - API Index: 1
[06-Aug-2025 20:50:16 Europe/Berlin] Auth route - Auth Index: 2
[06-Aug-2025 20:50:16 Europe/Berlin] Auth route - Endpoint: 
[06-Aug-2025 20:50:17 Europe/Berlin] Request path: /msc-website-backend-main/api/events
[06-Aug-2025 20:50:17 Europe/Berlin] Path segments: Array
(
    [0] => msc-website-backend-main
    [1] => api
    [2] => events
)

[06-Aug-2025 20:50:17 Europe/Berlin] Original REQUEST_URI: /msc-website-backend-main/api/events?page=1&limit=10
[06-Aug-2025 20:50:17 Europe/Berlin] Found API index, resource: events
[06-Aug-2025 20:50:17 Europe/Berlin] Event route - Path: /msc-website-backend-main/api/events
[06-Aug-2025 20:50:17 Europe/Berlin] Event route - Path segments: Array
(
    [0] => msc-website-backend-main
    [1] => api
    [2] => events
)

[06-Aug-2025 20:50:17 Europe/Berlin] Event route - Endpoint: 
[06-Aug-2025 20:50:17 Europe/Berlin] Event route - ID: null
[06-Aug-2025 20:50:17 Europe/Berlin] Event route - Action: null
[06-Aug-2025 20:50:18 Europe/Berlin] Request path: /msc-website-backend-main/api/announcements
[06-Aug-2025 20:50:18 Europe/Berlin] Path segments: Array
(
    [0] => msc-website-backend-main
    [1] => api
    [2] => announcements
)

[06-Aug-2025 20:50:18 Europe/Berlin] Original REQUEST_URI: /msc-website-backend-main/api/announcements?page=1&limit=10&include_archived=false
[06-Aug-2025 20:50:18 Europe/Berlin] Found API index, resource: announcements
[06-Aug-2025 20:50:18 Europe/Berlin] Announcement route - Path: /msc-website-backend-main/api/announcements
[06-Aug-2025 20:50:18 Europe/Berlin] Announcement route - Path segments: Array
(
    [0] => msc-website-backend-main
    [1] => api
    [2] => announcements
)

[06-Aug-2025 20:50:18 Europe/Berlin] Announcement route - Endpoint: 
[06-Aug-2025 20:50:18 Europe/Berlin] Announcement route - ID: null
[06-Aug-2025 20:50:18 Europe/Berlin] Announcement route - Action: null
[06-Aug-2025 20:51:07 Europe/Berlin] Request path: /msc-website-backend-main/api/auth/register
[06-Aug-2025 20:51:07 Europe/Berlin] Path segments: Array
(
    [0] => msc-website-backend-main
    [1] => api
    [2] => auth
    [3] => register
)

[06-Aug-2025 20:51:07 Europe/Berlin] Original REQUEST_URI: /msc-website-backend-main/api/auth/register
[06-Aug-2025 20:51:07 Europe/Berlin] Found API index, resource: auth
[06-Aug-2025 20:51:07 Europe/Berlin] Auth route - Path: /msc-website-backend-main/api/auth/register
[06-Aug-2025 20:51:07 Europe/Berlin] Auth route - Path segments: Array
(
    [0] => msc-website-backend-main
    [1] => api
    [2] => auth
    [3] => register
)

[06-Aug-2025 20:51:07 Europe/Berlin] Auth route - API Index: 1
[06-Aug-2025 20:51:07 Europe/Berlin] Auth route - Auth Index: 2
[06-Aug-2025 20:51:07 Europe/Berlin] Auth route - Endpoint: register
[06-Aug-2025 20:51:07 Europe/Berlin] PHP Warning:  Undefined array key "name_suffix" in C:\xampp\htdocs\msc-website-backend-main\api\models\Student.php on line 57
[06-Aug-2025 20:51:07 Europe/Berlin] PHP Warning:  Undefined array key "section" in C:\xampp\htdocs\msc-website-backend-main\api\models\Student.php on line 64
[06-Aug-2025 20:51:07 Europe/Berlin] PHP Warning:  Undefined array key "address" in C:\xampp\htdocs\msc-website-backend-main\api\models\Student.php on line 65
[06-Aug-2025 20:51:07 Europe/Berlin] PHP Warning:  Undefined array key "phone" in C:\xampp\htdocs\msc-website-backend-main\api\models\Student.php on line 66
[06-Aug-2025 20:51:07 Europe/Berlin] PHP Warning:  Undefined array key "facebook_link" in C:\xampp\htdocs\msc-website-backend-main\api\models\Student.php on line 67
[06-Aug-2025 20:51:17 Europe/Berlin] Request path: /msc-website-backend-main/api/students
[06-Aug-2025 20:51:17 Europe/Berlin] Path segments: Array
(
    [0] => msc-website-backend-main
    [1] => api
    [2] => students
)

[06-Aug-2025 20:51:17 Europe/Berlin] Original REQUEST_URI: /msc-website-backend-main/api/students?page=1&limit=20
[06-Aug-2025 20:51:17 Europe/Berlin] Found API index, resource: students
[06-Aug-2025 20:51:17 Europe/Berlin] Student route - Path: /msc-website-backend-main/api/students
[06-Aug-2025 20:51:17 Europe/Berlin] Student route - Path segments: Array
(
    [0] => msc-website-backend-main
    [1] => api
    [2] => students
)

[06-Aug-2025 20:51:17 Europe/Berlin] Student route - Endpoint: 
[06-Aug-2025 20:51:17 Europe/Berlin] Student route - ID: null
[06-Aug-2025 20:51:39 Europe/Berlin] Request path: /msc-website-backend-main/api/auth/profile
[06-Aug-2025 20:51:39 Europe/Berlin] Path segments: Array
(
    [0] => msc-website-backend-main
    [1] => api
    [2] => auth
    [3] => profile
)

[06-Aug-2025 20:51:39 Europe/Berlin] Original REQUEST_URI: /msc-website-backend-main/api/auth/profile
[06-Aug-2025 20:51:39 Europe/Berlin] Found API index, resource: auth
[06-Aug-2025 20:51:39 Europe/Berlin] Auth route - Path: /msc-website-backend-main/api/auth/profile
[06-Aug-2025 20:51:39 Europe/Berlin] Auth route - Path segments: Array
(
    [0] => msc-website-backend-main
    [1] => api
    [2] => auth
    [3] => profile
)

[06-Aug-2025 20:51:39 Europe/Berlin] Auth route - API Index: 1
[06-Aug-2025 20:51:39 Europe/Berlin] Auth route - Auth Index: 2
[06-Aug-2025 20:51:39 Europe/Berlin] Auth route - Endpoint: profile
[06-Aug-2025 20:51:44 Europe/Berlin] Request path: /msc-website-backend-main/api/students
[06-Aug-2025 20:51:44 Europe/Berlin] Path segments: Array
(
    [0] => msc-website-backend-main
    [1] => api
    [2] => students
)

[06-Aug-2025 20:51:44 Europe/Berlin] Original REQUEST_URI: /msc-website-backend-main/api/students?page=1&limit=20
[06-Aug-2025 20:51:44 Europe/Berlin] Found API index, resource: students
[06-Aug-2025 20:51:44 Europe/Berlin] Student route - Path: /msc-website-backend-main/api/students
[06-Aug-2025 20:51:44 Europe/Berlin] Student route - Path segments: Array
(
    [0] => msc-website-backend-main
    [1] => api
    [2] => students
)

[06-Aug-2025 20:51:44 Europe/Berlin] Student route - Endpoint: 
[06-Aug-2025 20:51:44 Europe/Berlin] Student route - ID: null
[06-Aug-2025 20:51:50 Europe/Berlin] Request path: /msc-website-backend-main/api/events
[06-Aug-2025 20:51:50 Europe/Berlin] Path segments: Array
(
    [0] => msc-website-backend-main
    [1] => api
    [2] => events
)

[06-Aug-2025 20:51:50 Europe/Berlin] Original REQUEST_URI: /msc-website-backend-main/api/events?page=1&limit=10
[06-Aug-2025 20:51:50 Europe/Berlin] Found API index, resource: events
[06-Aug-2025 20:51:50 Europe/Berlin] Event route - Path: /msc-website-backend-main/api/events
[06-Aug-2025 20:51:50 Europe/Berlin] Event route - Path segments: Array
(
    [0] => msc-website-backend-main
    [1] => api
    [2] => events
)

[06-Aug-2025 20:51:50 Europe/Berlin] Event route - Endpoint: 
[06-Aug-2025 20:51:50 Europe/Berlin] Event route - ID: null
[06-Aug-2025 20:51:50 Europe/Berlin] Event route - Action: null
[06-Aug-2025 20:51:54 Europe/Berlin] Request path: /msc-website-backend-main/api/announcements
[06-Aug-2025 20:51:54 Europe/Berlin] Path segments: Array
(
    [0] => msc-website-backend-main
    [1] => api
    [2] => announcements
)

[06-Aug-2025 20:51:54 Europe/Berlin] Original REQUEST_URI: /msc-website-backend-main/api/announcements?page=1&limit=10&include_archived=false
[06-Aug-2025 20:51:54 Europe/Berlin] Found API index, resource: announcements
[06-Aug-2025 20:51:54 Europe/Berlin] Announcement route - Path: /msc-website-backend-main/api/announcements
[06-Aug-2025 20:51:54 Europe/Berlin] Announcement route - Path segments: Array
(
    [0] => msc-website-backend-main
    [1] => api
    [2] => announcements
)

[06-Aug-2025 20:51:54 Europe/Berlin] Announcement route - Endpoint: 
[06-Aug-2025 20:51:54 Europe/Berlin] Announcement route - ID: null
[06-Aug-2025 20:51:54 Europe/Berlin] Announcement route - Action: null
[06-Aug-2025 20:52:04 Europe/Berlin] Request path: /msc-website-backend-main/api/auth/login
[06-Aug-2025 20:52:04 Europe/Berlin] Path segments: Array
(
    [0] => msc-website-backend-main
    [1] => api
    [2] => auth
    [3] => login
)

[06-Aug-2025 20:52:04 Europe/Berlin] Original REQUEST_URI: /msc-website-backend-main/api/auth/login
[06-Aug-2025 20:52:04 Europe/Berlin] Found API index, resource: auth
[06-Aug-2025 20:52:04 Europe/Berlin] Auth route - Path: /msc-website-backend-main/api/auth/login
[06-Aug-2025 20:52:04 Europe/Berlin] Auth route - Path segments: Array
(
    [0] => msc-website-backend-main
    [1] => api
    [2] => auth
    [3] => login
)

[06-Aug-2025 20:52:04 Europe/Berlin] Auth route - API Index: 1
[06-Aug-2025 20:52:04 Europe/Berlin] Auth route - Auth Index: 2
[06-Aug-2025 20:52:04 Europe/Berlin] Auth route - Endpoint: login
[06-Aug-2025 20:52:05 Europe/Berlin] Request path: /msc-website-backend-main/api/auth/register
[06-Aug-2025 20:52:05 Europe/Berlin] Path segments: Array
(
    [0] => msc-website-backend-main
    [1] => api
    [2] => auth
    [3] => register
)

[06-Aug-2025 20:52:05 Europe/Berlin] Original REQUEST_URI: /msc-website-backend-main/api/auth/register
[06-Aug-2025 20:52:05 Europe/Berlin] Found API index, resource: auth
[06-Aug-2025 20:52:05 Europe/Berlin] Auth route - Path: /msc-website-backend-main/api/auth/register
[06-Aug-2025 20:52:05 Europe/Berlin] Auth route - Path segments: Array
(
    [0] => msc-website-backend-main
    [1] => api
    [2] => auth
    [3] => register
)

[06-Aug-2025 20:52:05 Europe/Berlin] Auth route - API Index: 1
[06-Aug-2025 20:52:05 Europe/Berlin] Auth route - Auth Index: 2
[06-Aug-2025 20:52:05 Europe/Berlin] Auth route - Endpoint: register
[06-Aug-2025 20:52:05 Europe/Berlin] PHP Warning:  Undefined array key "name_suffix" in C:\xampp\htdocs\msc-website-backend-main\api\models\Student.php on line 57
[06-Aug-2025 20:52:05 Europe/Berlin] PHP Warning:  Undefined array key "section" in C:\xampp\htdocs\msc-website-backend-main\api\models\Student.php on line 64
[06-Aug-2025 20:52:05 Europe/Berlin] PHP Warning:  Undefined array key "address" in C:\xampp\htdocs\msc-website-backend-main\api\models\Student.php on line 65
[06-Aug-2025 20:52:05 Europe/Berlin] PHP Warning:  Undefined array key "phone" in C:\xampp\htdocs\msc-website-backend-main\api\models\Student.php on line 66
[06-Aug-2025 20:52:05 Europe/Berlin] PHP Warning:  Undefined array key "facebook_link" in C:\xampp\htdocs\msc-website-backend-main\api\models\Student.php on line 67
[06-Aug-2025 20:52:22 Europe/Berlin] Request path: /msc-website-backend-main/api/auth/login
[06-Aug-2025 20:52:22 Europe/Berlin] Path segments: Array
(
    [0] => msc-website-backend-main
    [1] => api
    [2] => auth
    [3] => login
)

[06-Aug-2025 20:52:22 Europe/Berlin] Original REQUEST_URI: /msc-website-backend-main/api/auth/login
[06-Aug-2025 20:52:22 Europe/Berlin] Found API index, resource: auth
[06-Aug-2025 20:52:22 Europe/Berlin] Auth route - Path: /msc-website-backend-main/api/auth/login
[06-Aug-2025 20:52:22 Europe/Berlin] Auth route - Path segments: Array
(
    [0] => msc-website-backend-main
    [1] => api
    [2] => auth
    [3] => login
)

[06-Aug-2025 20:52:22 Europe/Berlin] Auth route - API Index: 1
[06-Aug-2025 20:52:22 Europe/Berlin] Auth route - Auth Index: 2
[06-Aug-2025 20:52:22 Europe/Berlin] Auth route - Endpoint: login
[06-Aug-2025 20:52:25 Europe/Berlin] Request path: /msc-website-backend-main/api/students
[06-Aug-2025 20:52:25 Europe/Berlin] Path segments: Array
(
    [0] => msc-website-backend-main
    [1] => api
    [2] => students
)

[06-Aug-2025 20:52:25 Europe/Berlin] Original REQUEST_URI: /msc-website-backend-main/api/students?page=1&limit=20
[06-Aug-2025 20:52:25 Europe/Berlin] Found API index, resource: students
[06-Aug-2025 20:52:25 Europe/Berlin] Student route - Path: /msc-website-backend-main/api/students
[06-Aug-2025 20:52:25 Europe/Berlin] Student route - Path segments: Array
(
    [0] => msc-website-backend-main
    [1] => api
    [2] => students
)

[06-Aug-2025 20:52:25 Europe/Berlin] Student route - Endpoint: 
[06-Aug-2025 20:52:25 Europe/Berlin] Student route - ID: null
[06-Aug-2025 20:52:29 Europe/Berlin] Request path: /msc-website-backend-main/api/
[06-Aug-2025 20:52:29 Europe/Berlin] Path segments: Array
(
    [0] => msc-website-backend-main
    [1] => api
)

[06-Aug-2025 20:52:29 Europe/Berlin] Original REQUEST_URI: /msc-website-backend-main/api/
[06-Aug-2025 20:52:29 Europe/Berlin] Found API index, resource: 
[06-Aug-2025 20:52:29 Europe/Berlin] Request path: /msc-website-backend-main/api/
[06-Aug-2025 20:52:29 Europe/Berlin] Path segments: Array
(
    [0] => msc-website-backend-main
    [1] => api
)

[06-Aug-2025 20:52:29 Europe/Berlin] Original REQUEST_URI: /msc-website-backend-main/api/
[06-Aug-2025 20:52:29 Europe/Berlin] Found API index, resource: 
[06-Aug-2025 20:52:29 Europe/Berlin] Request path: /msc-website-backend-main/api/
[06-Aug-2025 20:52:29 Europe/Berlin] Path segments: Array
(
    [0] => msc-website-backend-main
    [1] => api
)

[06-Aug-2025 20:52:29 Europe/Berlin] Original REQUEST_URI: /msc-website-backend-main/api/
[06-Aug-2025 20:52:29 Europe/Berlin] Found API index, resource: 
[06-Aug-2025 20:52:31 Europe/Berlin] Request path: /msc-website-backend-main/api/auth/logout
[06-Aug-2025 20:52:31 Europe/Berlin] Path segments: Array
(
    [0] => msc-website-backend-main
    [1] => api
    [2] => auth
    [3] => logout
)

[06-Aug-2025 20:52:31 Europe/Berlin] Original REQUEST_URI: /msc-website-backend-main/api/auth/logout
[06-Aug-2025 20:52:31 Europe/Berlin] Found API index, resource: auth
[06-Aug-2025 20:52:31 Europe/Berlin] Auth route - Path: /msc-website-backend-main/api/auth/logout
[06-Aug-2025 20:52:31 Europe/Berlin] Auth route - Path segments: Array
(
    [0] => msc-website-backend-main
    [1] => api
    [2] => auth
    [3] => logout
)

[06-Aug-2025 20:52:31 Europe/Berlin] Auth route - API Index: 1
[06-Aug-2025 20:52:31 Europe/Berlin] Auth route - Auth Index: 2
[06-Aug-2025 20:52:31 Europe/Berlin] Auth route - Endpoint: logout
[06-Aug-2025 20:54:56 Europe/Berlin] Request path: /msc-website-backend-main/api/
[06-Aug-2025 20:54:56 Europe/Berlin] Path segments: Array
(
    [0] => msc-website-backend-main
    [1] => api
)

[06-Aug-2025 20:54:56 Europe/Berlin] Original REQUEST_URI: /msc-website-backend-main/api/
[06-Aug-2025 20:54:56 Europe/Berlin] Found API index, resource: 
[06-Aug-2025 20:54:56 Europe/Berlin] Request path: /msc-website-backend-main/api/
[06-Aug-2025 20:54:56 Europe/Berlin] Path segments: Array
(
    [0] => msc-website-backend-main
    [1] => api
)

[06-Aug-2025 20:54:56 Europe/Berlin] Original REQUEST_URI: /msc-website-backend-main/api/
[06-Aug-2025 20:54:56 Europe/Berlin] Found API index, resource: 
[06-Aug-2025 20:54:56 Europe/Berlin] Request path: /msc-website-backend-main/api/
[06-Aug-2025 20:54:56 Europe/Berlin] Path segments: Array
(
    [0] => msc-website-backend-main
    [1] => api
)

[06-Aug-2025 20:54:56 Europe/Berlin] Original REQUEST_URI: /msc-website-backend-main/api/
[06-Aug-2025 20:54:56 Europe/Berlin] Found API index, resource: 
[06-Aug-2025 20:55:20 Europe/Berlin] Request path: /msc-website-backend-main/api/
[06-Aug-2025 20:55:20 Europe/Berlin] Path segments: Array
(
    [0] => msc-website-backend-main
    [1] => api
)

[06-Aug-2025 20:55:20 Europe/Berlin] Original REQUEST_URI: /msc-website-backend-main/api/
[06-Aug-2025 20:55:20 Europe/Berlin] Found API index, resource: 
[06-Aug-2025 20:55:20 Europe/Berlin] Request path: /msc-website-backend-main/api/
[06-Aug-2025 20:55:20 Europe/Berlin] Path segments: Array
(
    [0] => msc-website-backend-main
    [1] => api
)

[06-Aug-2025 20:55:20 Europe/Berlin] Original REQUEST_URI: /msc-website-backend-main/api/
[06-Aug-2025 20:55:20 Europe/Berlin] Found API index, resource: 
[06-Aug-2025 20:55:21 Europe/Berlin] Request path: /msc-website-backend-main/api/
[06-Aug-2025 20:55:21 Europe/Berlin] Path segments: Array
(
    [0] => msc-website-backend-main
    [1] => api
)

[06-Aug-2025 20:55:21 Europe/Berlin] Original REQUEST_URI: /msc-website-backend-main/api/
[06-Aug-2025 20:55:21 Europe/Berlin] Found API index, resource: 
[06-Aug-2025 20:55:22 Europe/Berlin] Request path: /msc-website-backend-main/api/health
[06-Aug-2025 20:55:22 Europe/Berlin] Path segments: Array
(
    [0] => msc-website-backend-main
    [1] => api
    [2] => health
)

[06-Aug-2025 20:55:22 Europe/Berlin] Original REQUEST_URI: /msc-website-backend-main/api/health
[06-Aug-2025 20:55:22 Europe/Berlin] Found API index, resource: health
[06-Aug-2025 20:55:23 Europe/Berlin] Request path: /msc-website-backend-main/api/auth
[06-Aug-2025 20:55:23 Europe/Berlin] Path segments: Array
(
    [0] => msc-website-backend-main
    [1] => api
    [2] => auth
)

[06-Aug-2025 20:55:23 Europe/Berlin] Original REQUEST_URI: /msc-website-backend-main/api/auth
[06-Aug-2025 20:55:23 Europe/Berlin] Found API index, resource: auth
[06-Aug-2025 20:55:23 Europe/Berlin] Auth route - Path: /msc-website-backend-main/api/auth
[06-Aug-2025 20:55:23 Europe/Berlin] Auth route - Path segments: Array
(
    [0] => msc-website-backend-main
    [1] => api
    [2] => auth
)

[06-Aug-2025 20:55:23 Europe/Berlin] Auth route - API Index: 1
[06-Aug-2025 20:55:23 Europe/Berlin] Auth route - Auth Index: 2
[06-Aug-2025 20:55:23 Europe/Berlin] Auth route - Endpoint: 
[06-Aug-2025 20:55:24 Europe/Berlin] Request path: /msc-website-backend-main/api/events
[06-Aug-2025 20:55:24 Europe/Berlin] Path segments: Array
(
    [0] => msc-website-backend-main
    [1] => api
    [2] => events
)

[06-Aug-2025 20:55:24 Europe/Berlin] Original REQUEST_URI: /msc-website-backend-main/api/events?page=1&limit=10
[06-Aug-2025 20:55:24 Europe/Berlin] Found API index, resource: events
[06-Aug-2025 20:55:24 Europe/Berlin] Event route - Path: /msc-website-backend-main/api/events
[06-Aug-2025 20:55:24 Europe/Berlin] Event route - Path segments: Array
(
    [0] => msc-website-backend-main
    [1] => api
    [2] => events
)

[06-Aug-2025 20:55:24 Europe/Berlin] Event route - Endpoint: 
[06-Aug-2025 20:55:24 Europe/Berlin] Event route - ID: null
[06-Aug-2025 20:55:24 Europe/Berlin] Event route - Action: null
[06-Aug-2025 20:55:25 Europe/Berlin] Request path: /msc-website-backend-main/api/announcements
[06-Aug-2025 20:55:25 Europe/Berlin] Path segments: Array
(
    [0] => msc-website-backend-main
    [1] => api
    [2] => announcements
)

[06-Aug-2025 20:55:25 Europe/Berlin] Original REQUEST_URI: /msc-website-backend-main/api/announcements?page=1&limit=10&include_archived=false
[06-Aug-2025 20:55:25 Europe/Berlin] Found API index, resource: announcements
[06-Aug-2025 20:55:25 Europe/Berlin] Announcement route - Path: /msc-website-backend-main/api/announcements
[06-Aug-2025 20:55:25 Europe/Berlin] Announcement route - Path segments: Array
(
    [0] => msc-website-backend-main
    [1] => api
    [2] => announcements
)

[06-Aug-2025 20:55:25 Europe/Berlin] Announcement route - Endpoint: 
[06-Aug-2025 20:55:25 Europe/Berlin] Announcement route - ID: null
[06-Aug-2025 20:55:25 Europe/Berlin] Announcement route - Action: null
[06-Aug-2025 20:56:12 Europe/Berlin] Request path: /msc-website-backend-main/api/auth/register
[06-Aug-2025 20:56:12 Europe/Berlin] Path segments: Array
(
    [0] => msc-website-backend-main
    [1] => api
    [2] => auth
    [3] => register
)

[06-Aug-2025 20:56:12 Europe/Berlin] Original REQUEST_URI: /msc-website-backend-main/api/auth/register
[06-Aug-2025 20:56:12 Europe/Berlin] Found API index, resource: auth
[06-Aug-2025 20:56:12 Europe/Berlin] Auth route - Path: /msc-website-backend-main/api/auth/register
[06-Aug-2025 20:56:12 Europe/Berlin] Auth route - Path segments: Array
(
    [0] => msc-website-backend-main
    [1] => api
    [2] => auth
    [3] => register
)

[06-Aug-2025 20:56:12 Europe/Berlin] Auth route - API Index: 1
[06-Aug-2025 20:56:12 Europe/Berlin] Auth route - Auth Index: 2
[06-Aug-2025 20:56:12 Europe/Berlin] Auth route - Endpoint: register
[06-Aug-2025 20:56:58 Europe/Berlin] Request path: /msc-website-backend-main/api/auth/login
[06-Aug-2025 20:56:58 Europe/Berlin] Path segments: Array
(
    [0] => msc-website-backend-main
    [1] => api
    [2] => auth
    [3] => login
)

[06-Aug-2025 20:56:58 Europe/Berlin] Original REQUEST_URI: /msc-website-backend-main/api/auth/login
[06-Aug-2025 20:56:58 Europe/Berlin] Found API index, resource: auth
[06-Aug-2025 20:56:58 Europe/Berlin] Auth route - Path: /msc-website-backend-main/api/auth/login
[06-Aug-2025 20:56:58 Europe/Berlin] Auth route - Path segments: Array
(
    [0] => msc-website-backend-main
    [1] => api
    [2] => auth
    [3] => login
)

[06-Aug-2025 20:56:58 Europe/Berlin] Auth route - API Index: 1
[06-Aug-2025 20:56:58 Europe/Berlin] Auth route - Auth Index: 2
[06-Aug-2025 20:56:58 Europe/Berlin] Auth route - Endpoint: login
[06-Aug-2025 20:57:04 Europe/Berlin] Request path: /msc-website-backend-main/api/auth/profile
[06-Aug-2025 20:57:04 Europe/Berlin] Path segments: Array
(
    [0] => msc-website-backend-main
    [1] => api
    [2] => auth
    [3] => profile
)

[06-Aug-2025 20:57:04 Europe/Berlin] Original REQUEST_URI: /msc-website-backend-main/api/auth/profile
[06-Aug-2025 20:57:04 Europe/Berlin] Found API index, resource: auth
[06-Aug-2025 20:57:04 Europe/Berlin] Auth route - Path: /msc-website-backend-main/api/auth/profile
[06-Aug-2025 20:57:04 Europe/Berlin] Auth route - Path segments: Array
(
    [0] => msc-website-backend-main
    [1] => api
    [2] => auth
    [3] => profile
)

[06-Aug-2025 20:57:04 Europe/Berlin] Auth route - API Index: 1
[06-Aug-2025 20:57:04 Europe/Berlin] Auth route - Auth Index: 2
[06-Aug-2025 20:57:04 Europe/Berlin] Auth route - Endpoint: profile
[06-Aug-2025 20:57:20 Europe/Berlin] Request path: /msc-website-backend-main/api/students
[06-Aug-2025 20:57:20 Europe/Berlin] Path segments: Array
(
    [0] => msc-website-backend-main
    [1] => api
    [2] => students
)

[06-Aug-2025 20:57:20 Europe/Berlin] Original REQUEST_URI: /msc-website-backend-main/api/students?page=1&limit=20
[06-Aug-2025 20:57:20 Europe/Berlin] Found API index, resource: students
[06-Aug-2025 20:57:20 Europe/Berlin] Student route - Path: /msc-website-backend-main/api/students
[06-Aug-2025 20:57:20 Europe/Berlin] Student route - Path segments: Array
(
    [0] => msc-website-backend-main
    [1] => api
    [2] => students
)

[06-Aug-2025 20:57:20 Europe/Berlin] Student route - Endpoint: 
[06-Aug-2025 20:57:20 Europe/Berlin] Student route - ID: null
[06-Aug-2025 20:57:26 Europe/Berlin] Request path: /msc-website-backend-main/api/students/search
[06-Aug-2025 20:57:26 Europe/Berlin] Path segments: Array
(
    [0] => msc-website-backend-main
    [1] => api
    [2] => students
    [3] => search
)

[06-Aug-2025 20:57:26 Europe/Berlin] Original REQUEST_URI: /msc-website-backend-main/api/students/search?q=john
[06-Aug-2025 20:57:26 Europe/Berlin] Found API index, resource: students
[06-Aug-2025 20:57:26 Europe/Berlin] Student route - Path: /msc-website-backend-main/api/students/search
[06-Aug-2025 20:57:26 Europe/Berlin] Student route - Path segments: Array
(
    [0] => msc-website-backend-main
    [1] => api
    [2] => students
    [3] => search
)

[06-Aug-2025 20:57:26 Europe/Berlin] Student route - Endpoint: search
[06-Aug-2025 20:57:26 Europe/Berlin] Student route - ID: null
[06-Aug-2025 20:57:33 Europe/Berlin] Request path: /msc-website-backend-main/api/events
[06-Aug-2025 20:57:33 Europe/Berlin] Path segments: Array
(
    [0] => msc-website-backend-main
    [1] => api
    [2] => events
)

[06-Aug-2025 20:57:33 Europe/Berlin] Original REQUEST_URI: /msc-website-backend-main/api/events?page=1&limit=10
[06-Aug-2025 20:57:33 Europe/Berlin] Found API index, resource: events
[06-Aug-2025 20:57:33 Europe/Berlin] Event route - Path: /msc-website-backend-main/api/events
[06-Aug-2025 20:57:33 Europe/Berlin] Event route - Path segments: Array
(
    [0] => msc-website-backend-main
    [1] => api
    [2] => events
)

[06-Aug-2025 20:57:33 Europe/Berlin] Event route - Endpoint: 
[06-Aug-2025 20:57:33 Europe/Berlin] Event route - ID: null
[06-Aug-2025 20:57:33 Europe/Berlin] Event route - Action: null
[06-Aug-2025 20:57:48 Europe/Berlin] Request path: /msc-website-backend-main/api/events
[06-Aug-2025 20:57:48 Europe/Berlin] Path segments: Array
(
    [0] => msc-website-backend-main
    [1] => api
    [2] => events
)

[06-Aug-2025 20:57:48 Europe/Berlin] Original REQUEST_URI: /msc-website-backend-main/api/events
[06-Aug-2025 20:57:48 Europe/Berlin] Found API index, resource: events
[06-Aug-2025 20:57:48 Europe/Berlin] Event route - Path: /msc-website-backend-main/api/events
[06-Aug-2025 20:57:48 Europe/Berlin] Event route - Path segments: Array
(
    [0] => msc-website-backend-main
    [1] => api
    [2] => events
)

[06-Aug-2025 20:57:48 Europe/Berlin] Event route - Endpoint: 
[06-Aug-2025 20:57:48 Europe/Berlin] Event route - ID: null
[06-Aug-2025 20:57:48 Europe/Berlin] Event route - Action: null
[06-Aug-2025 20:57:57 Europe/Berlin] Request path: /msc-website-backend-main/api/events
[06-Aug-2025 20:57:57 Europe/Berlin] Path segments: Array
(
    [0] => msc-website-backend-main
    [1] => api
    [2] => events
)

[06-Aug-2025 20:57:57 Europe/Berlin] Original REQUEST_URI: /msc-website-backend-main/api/events?page=1&limit=10
[06-Aug-2025 20:57:57 Europe/Berlin] Found API index, resource: events
[06-Aug-2025 20:57:57 Europe/Berlin] Event route - Path: /msc-website-backend-main/api/events
[06-Aug-2025 20:57:57 Europe/Berlin] Event route - Path segments: Array
(
    [0] => msc-website-backend-main
    [1] => api
    [2] => events
)

[06-Aug-2025 20:57:57 Europe/Berlin] Event route - Endpoint: 
[06-Aug-2025 20:57:57 Europe/Berlin] Event route - ID: null
[06-Aug-2025 20:57:57 Europe/Berlin] Event route - Action: null
[06-Aug-2025 20:58:06 Europe/Berlin] Request path: /msc-website-backend-main/api/announcements
[06-Aug-2025 20:58:06 Europe/Berlin] Path segments: Array
(
    [0] => msc-website-backend-main
    [1] => api
    [2] => announcements
)

[06-Aug-2025 20:58:06 Europe/Berlin] Original REQUEST_URI: /msc-website-backend-main/api/announcements
[06-Aug-2025 20:58:06 Europe/Berlin] Found API index, resource: announcements
[06-Aug-2025 20:58:06 Europe/Berlin] Announcement route - Path: /msc-website-backend-main/api/announcements
[06-Aug-2025 20:58:06 Europe/Berlin] Announcement route - Path segments: Array
(
    [0] => msc-website-backend-main
    [1] => api
    [2] => announcements
)

[06-Aug-2025 20:58:06 Europe/Berlin] Announcement route - Endpoint: 
[06-Aug-2025 20:58:06 Europe/Berlin] Announcement route - ID: null
[06-Aug-2025 20:58:06 Europe/Berlin] Announcement route - Action: null
[06-Aug-2025 20:58:06 Europe/Berlin] PHP Notice:  session_start(): Ignoring session_start() because a session is already active in C:\xampp\htdocs\msc-website-backend-main\api\middleware\AuthMiddleware.php on line 56
[06-Aug-2025 20:58:14 Europe/Berlin] Request path: /msc-website-backend-main/api/students/dashboard
[06-Aug-2025 20:58:14 Europe/Berlin] Path segments: Array
(
    [0] => msc-website-backend-main
    [1] => api
    [2] => students
    [3] => dashboard
)

[06-Aug-2025 20:58:14 Europe/Berlin] Original REQUEST_URI: /msc-website-backend-main/api/students/dashboard
[06-Aug-2025 20:58:14 Europe/Berlin] Found API index, resource: students
[06-Aug-2025 20:58:14 Europe/Berlin] Student route - Path: /msc-website-backend-main/api/students/dashboard
[06-Aug-2025 20:58:14 Europe/Berlin] Student route - Path segments: Array
(
    [0] => msc-website-backend-main
    [1] => api
    [2] => students
    [3] => dashboard
)

[06-Aug-2025 20:58:14 Europe/Berlin] Student route - Endpoint: dashboard
[06-Aug-2025 20:58:14 Europe/Berlin] Student route - ID: null
[06-Aug-2025 20:58:14 Europe/Berlin] PHP Notice:  session_start(): Ignoring session_start() because a session is already active in C:\xampp\htdocs\msc-website-backend-main\api\middleware\AuthMiddleware.php on line 56
[06-Aug-2025 20:58:24 Europe/Berlin] Request path: /msc-website-backend-main/api/announcements/recent
[06-Aug-2025 20:58:24 Europe/Berlin] Path segments: Array
(
    [0] => msc-website-backend-main
    [1] => api
    [2] => announcements
    [3] => recent
)

[06-Aug-2025 20:58:24 Europe/Berlin] Original REQUEST_URI: /msc-website-backend-main/api/announcements/recent
[06-Aug-2025 20:58:24 Europe/Berlin] Found API index, resource: announcements
[06-Aug-2025 20:58:24 Europe/Berlin] Announcement route - Path: /msc-website-backend-main/api/announcements/recent
[06-Aug-2025 20:58:24 Europe/Berlin] Announcement route - Path segments: Array
(
    [0] => msc-website-backend-main
    [1] => api
    [2] => announcements
    [3] => recent
)

[06-Aug-2025 20:58:24 Europe/Berlin] Announcement route - Endpoint: recent
[06-Aug-2025 20:58:24 Europe/Berlin] Announcement route - ID: null
[06-Aug-2025 20:58:24 Europe/Berlin] Announcement route - Action: null
[06-Aug-2025 20:58:39 Europe/Berlin] Request path: /msc-website-backend-main/api/events/upcoming
[06-Aug-2025 20:58:39 Europe/Berlin] Path segments: Array
(
    [0] => msc-website-backend-main
    [1] => api
    [2] => events
    [3] => upcoming
)

[06-Aug-2025 20:58:39 Europe/Berlin] Original REQUEST_URI: /msc-website-backend-main/api/events/upcoming
[06-Aug-2025 20:58:39 Europe/Berlin] Found API index, resource: events
[06-Aug-2025 20:58:39 Europe/Berlin] Event route - Path: /msc-website-backend-main/api/events/upcoming
[06-Aug-2025 20:58:39 Europe/Berlin] Event route - Path segments: Array
(
    [0] => msc-website-backend-main
    [1] => api
    [2] => events
    [3] => upcoming
)

[06-Aug-2025 20:58:39 Europe/Berlin] Event route - Endpoint: upcoming
[06-Aug-2025 20:58:39 Europe/Berlin] Event route - ID: null
[06-Aug-2025 20:58:39 Europe/Berlin] Event route - Action: null
[06-Aug-2025 20:58:48 Europe/Berlin] Request path: /msc-website-backend-main/api/auth/logout
[06-Aug-2025 20:58:48 Europe/Berlin] Path segments: Array
(
    [0] => msc-website-backend-main
    [1] => api
    [2] => auth
    [3] => logout
)

[06-Aug-2025 20:58:48 Europe/Berlin] Original REQUEST_URI: /msc-website-backend-main/api/auth/logout
[06-Aug-2025 20:58:48 Europe/Berlin] Found API index, resource: auth
[06-Aug-2025 20:58:48 Europe/Berlin] Auth route - Path: /msc-website-backend-main/api/auth/logout
[06-Aug-2025 20:58:48 Europe/Berlin] Auth route - Path segments: Array
(
    [0] => msc-website-backend-main
    [1] => api
    [2] => auth
    [3] => logout
)

[06-Aug-2025 20:58:48 Europe/Berlin] Auth route - API Index: 1
[06-Aug-2025 20:58:48 Europe/Berlin] Auth route - Auth Index: 2
[06-Aug-2025 20:58:48 Europe/Berlin] Auth route - Endpoint: logout
[06-Aug-2025 20:59:09 Europe/Berlin] Request path: /msc-website-backend-main/api/auth/login
[06-Aug-2025 20:59:09 Europe/Berlin] Path segments: Array
(
    [0] => msc-website-backend-main
    [1] => api
    [2] => auth
    [3] => login
)

[06-Aug-2025 20:59:09 Europe/Berlin] Original REQUEST_URI: /msc-website-backend-main/api/auth/login
[06-Aug-2025 20:59:09 Europe/Berlin] Found API index, resource: auth
[06-Aug-2025 20:59:09 Europe/Berlin] Auth route - Path: /msc-website-backend-main/api/auth/login
[06-Aug-2025 20:59:09 Europe/Berlin] Auth route - Path segments: Array
(
    [0] => msc-website-backend-main
    [1] => api
    [2] => auth
    [3] => login
)

[06-Aug-2025 20:59:09 Europe/Berlin] Auth route - API Index: 1
[06-Aug-2025 20:59:09 Europe/Berlin] Auth route - Auth Index: 2
[06-Aug-2025 20:59:09 Europe/Berlin] Auth route - Endpoint: login
[06-Aug-2025 20:59:21 Europe/Berlin] Request path: /msc-website-backend-main/api/students
[06-Aug-2025 20:59:21 Europe/Berlin] Path segments: Array
(
    [0] => msc-website-backend-main
    [1] => api
    [2] => students
)

[06-Aug-2025 20:59:21 Europe/Berlin] Original REQUEST_URI: /msc-website-backend-main/api/students?page=1&limit=20
[06-Aug-2025 20:59:21 Europe/Berlin] Found API index, resource: students
[06-Aug-2025 20:59:21 Europe/Berlin] Student route - Path: /msc-website-backend-main/api/students
[06-Aug-2025 20:59:21 Europe/Berlin] Student route - Path segments: Array
(
    [0] => msc-website-backend-main
    [1] => api
    [2] => students
)

[06-Aug-2025 20:59:21 Europe/Berlin] Student route - Endpoint: 
[06-Aug-2025 20:59:21 Europe/Berlin] Student route - ID: null
[06-Aug-2025 20:59:28 Europe/Berlin] Request path: /msc-website-backend-main/api/announcements
[06-Aug-2025 20:59:28 Europe/Berlin] Path segments: Array
(
    [0] => msc-website-backend-main
    [1] => api
    [2] => announcements
)

[06-Aug-2025 20:59:28 Europe/Berlin] Original REQUEST_URI: /msc-website-backend-main/api/announcements?page=1&limit=10&include_archived=false
[06-Aug-2025 20:59:28 Europe/Berlin] Found API index, resource: announcements
[06-Aug-2025 20:59:28 Europe/Berlin] Announcement route - Path: /msc-website-backend-main/api/announcements
[06-Aug-2025 20:59:28 Europe/Berlin] Announcement route - Path segments: Array
(
    [0] => msc-website-backend-main
    [1] => api
    [2] => announcements
)

[06-Aug-2025 20:59:28 Europe/Berlin] Announcement route - Endpoint: 
[06-Aug-2025 20:59:28 Europe/Berlin] Announcement route - ID: null
[06-Aug-2025 20:59:28 Europe/Berlin] Announcement route - Action: null
[06-Aug-2025 20:59:30 Europe/Berlin] Request path: /msc-website-backend-main/api/announcements
[06-Aug-2025 20:59:30 Europe/Berlin] Path segments: Array
(
    [0] => msc-website-backend-main
    [1] => api
    [2] => announcements
)

[06-Aug-2025 20:59:30 Europe/Berlin] Original REQUEST_URI: /msc-website-backend-main/api/announcements
[06-Aug-2025 20:59:30 Europe/Berlin] Found API index, resource: announcements
[06-Aug-2025 20:59:30 Europe/Berlin] Announcement route - Path: /msc-website-backend-main/api/announcements
[06-Aug-2025 20:59:30 Europe/Berlin] Announcement route - Path segments: Array
(
    [0] => msc-website-backend-main
    [1] => api
    [2] => announcements
)

[06-Aug-2025 20:59:30 Europe/Berlin] Announcement route - Endpoint: 
[06-Aug-2025 20:59:30 Europe/Berlin] Announcement route - ID: null
[06-Aug-2025 20:59:30 Europe/Berlin] Announcement route - Action: null
[06-Aug-2025 20:59:37 Europe/Berlin] Request path: /msc-website-backend-main/api/students/dashboard
[06-Aug-2025 20:59:37 Europe/Berlin] Path segments: Array
(
    [0] => msc-website-backend-main
    [1] => api
    [2] => students
    [3] => dashboard
)

[06-Aug-2025 20:59:37 Europe/Berlin] Original REQUEST_URI: /msc-website-backend-main/api/students/dashboard
[06-Aug-2025 20:59:37 Europe/Berlin] Found API index, resource: students
[06-Aug-2025 20:59:37 Europe/Berlin] Student route - Path: /msc-website-backend-main/api/students/dashboard
[06-Aug-2025 20:59:37 Europe/Berlin] Student route - Path segments: Array
(
    [0] => msc-website-backend-main
    [1] => api
    [2] => students
    [3] => dashboard
)

[06-Aug-2025 20:59:37 Europe/Berlin] Student route - Endpoint: dashboard
[06-Aug-2025 20:59:37 Europe/Berlin] Student route - ID: null
[06-Aug-2025 20:59:37 Europe/Berlin] PHP Notice:  session_start(): Ignoring session_start() because a session is already active in C:\xampp\htdocs\msc-website-backend-main\api\middleware\AuthMiddleware.php on line 56
